<?xml version="1.0" encoding="UTF-8"?>
<!-- Generated by org.testng.reporters.JUnitReportReporter -->
<testsuite hostname="LAPTOP-DD5R8JQF" failures="0" tests="8" name="automation_code_16thnov_2022.Enabled_operation" time="0.010" errors="0" timestamp="2022-11-16T01:39:54 EST" skipped="0">
  <testcase classname="automation_code_16thnov_2022.Enabled_operation" name="tc3" time="0.005"/>
  <system-out/>
  <testcase classname="automation_code_16thnov_2022.Enabled_operation" name="tc1" time="0.001"/>
  <system-out/>
  <testcase classname="automation_code_16thnov_2022.Enabled_operation" name="tc2" time="0.001"/>
  <system-out/>
  <testcase classname="automation_code_16thnov_2022.Enabled_operation" name="tc5" time="0.001"/>
  <system-out/>
  <testcase classname="automation_code_16thnov_2022.Enabled_operation" name="tc5" time="0.001"/>
  <system-out/>
  <testcase classname="automation_code_16thnov_2022.Enabled_operation" name="tc5" time="0.000"/>
  <system-out/>
  <testcase classname="automation_code_16thnov_2022.Enabled_operation" name="tc5" time="0.001"/>
  <system-out/>
  <testcase classname="automation_code_16thnov_2022.Enabled_operation" name="tc5" time="0.000"/>
  <system-out/>
</testsuite> <!-- automation_code_16thnov_2022.Enabled_operation -->
