<?xml version="1.0" encoding="UTF-8"?>
<!-- Generated by org.testng.reporters.JUnitReportReporter -->
<testsuite hostname="LAPTOP-DD5R8JQF" failures="0" tests="5" name="automation_code_16thnov_2022.Priority_Avalue" time="0.010" errors="0" timestamp="2022-11-16T03:19:34 EST" skipped="0">
  <testcase classname="automation_code_16thnov_2022.Priority_Avalue" name="tc3" time="0.007"/>
  <system-out/>
  <testcase classname="automation_code_16thnov_2022.Priority_Avalue" name="tc1" time="0.000"/>
  <system-out/>
  <testcase classname="automation_code_16thnov_2022.Priority_Avalue" name="tc2" time="0.001"/>
  <system-out/>
  <testcase classname="automation_code_16thnov_2022.Priority_Avalue" name="tc5" time="0.001"/>
  <system-out/>
  <testcase classname="automation_code_16thnov_2022.Priority_Avalue" name="tc4" time="0.001"/>
  <system-out/>
</testsuite> <!-- automation_code_16thnov_2022.Priority_Avalue -->
