<?xml version="1.0" encoding="UTF-8"?>
<!-- Generated by org.testng.reporters.JUnitReportReporter -->
<testsuite hostname="LAPTOP-DD5R8JQF" failures="0" tests="1" name="automation_code_16thnov_2022.Execution_priorities" time="0.004" errors="0" timestamp="2022-11-16T02:41:46 EST" skipped="0">
  <testcase classname="automation_code_16thnov_2022.Execution_priorities" name="testcase" time="0.004"/>
  <system-out/>
</testsuite> <!-- automation_code_16thnov_2022.Execution_priorities -->
